0 silly input [ 'publish' ]
1 silly flags { _: [ 'publish' ], 'reject-cycles': false, rejectCycles: false }
2 verbose rootPath /home/nikhil/WebstormProjects/UniversalComponents
3 info version 2.9.0
4 silly isInitialized
5 silly isInitialized true
6 silly existsSync /home/nikhil/WebstormProjects/UniversalComponents/VERSION
7 silly initialize attempt
8 info current version 0.0.0
9 silly isDetachedHead
10 silly getCurrentBranch
11 verbose getCurrentBranch master
12 verbose isDetachedHead false
13 silly getCurrentBranch
14 verbose getCurrentBranch master
15 silly getUpdates
16 info Checking for updated packages...
17 silly hasTags
18 verbose hasTags false
19 info Comparing with initial commit.
20 verbose updated universal_components
21 info Checking for prereleased packages...
22 silly collectDependents
23 silly isPackageDependentOf universal_components universal_components
24 silly collectUpdates
25 verbose has filtered update universal_components
26 silly initialize success
27 silly execute attempt
28 silly addFile /home/nikhil/WebstormProjects/UniversalComponents/lerna.json
29 silly runScriptSync preversion UniversalComponents
30 silly runScriptSync preversion universal_components
31 silly runScriptSync version universal_components
32 silly runScriptSync version UniversalComponents
33 silly addFile /home/nikhil/WebstormProjects/UniversalComponents/packages/universal_components/package.json
34 silly commit v1.0.0
35 verbose commit [ 'commit', '--no-verify', '-m', 'v1.0.0' ]
36 silly addTag v1.0.0
37 silly runScriptSync postversion universal_components
38 silly runScriptSync postversion UniversalComponents
39 info publish Publishing packages to npm...
40 silly existsSync /home/nikhil/WebstormProjects/UniversalComponents/packages/universal_components/scripts/prepublish.js
41 verbose execScript No prepublish script found at /home/nikhil/WebstormProjects/UniversalComponents/packages/universal_components/scripts/prepublish.js
42 verbose publishing universal_components
43 silly publishTaggedInDir latest universal_components
44 silly getExecOpts { cwd: '/home/nikhil/WebstormProjects/UniversalComponents/packages/universal_components' }
45 error publish Retrying failed publish: universal_components
46 verbose publish error undefined
47 verbose publishing universal_components
48 silly publishTaggedInDir latest universal_components
49 silly getExecOpts { cwd: '/home/nikhil/WebstormProjects/UniversalComponents/packages/universal_components' }
50 error publish Retrying failed publish: universal_components
51 verbose publish error undefined
52 verbose publishing universal_components
53 silly publishTaggedInDir latest universal_components
54 silly getExecOpts { cwd: '/home/nikhil/WebstormProjects/UniversalComponents/packages/universal_components' }
55 error publish Retrying failed publish: universal_components
56 verbose publish error undefined
57 verbose publishing universal_components
58 silly publishTaggedInDir latest universal_components
59 silly getExecOpts { cwd: '/home/nikhil/WebstormProjects/UniversalComponents/packages/universal_components' }
60 error publish Retrying failed publish: universal_components
61 verbose publish error undefined
62 verbose publishing universal_components
63 silly publishTaggedInDir latest universal_components
64 silly getExecOpts { cwd: '/home/nikhil/WebstormProjects/UniversalComponents/packages/universal_components' }
65 error publish Ran out of retries while publishing universal_components Error: Command failed: npm publish --tag latest
65 error publish npm ERR! code ENEEDAUTH
65 error publish npm ERR! need auth auth required for publishing
65 error publish npm ERR! need auth You need to authorize this machine using `npm adduser`
65 error publish
65 error publish npm ERR! A complete log of this run can be found in:
65 error publish npm ERR!     /home/nikhil/.npm/_logs/2018-03-25T06_47_48_270Z-debug.log
65 error publish
65 error publish     at Promise.all.then.arr (/usr/local/lib/node_modules/lerna/node_modules/execa/index.js:236:11)
65 error publish     at <anonymous>
65 error publish     at process._tickCallback (internal/process/next_tick.js:160:7)
66 error execute callback with error
67 error Error: Command failed: npm publish --tag latest
67 error npm ERR! code ENEEDAUTH
67 error npm ERR! need auth auth required for publishing
67 error npm ERR! need auth You need to authorize this machine using `npm adduser`
67 error
67 error npm ERR! A complete log of this run can be found in:
67 error npm ERR!     /home/nikhil/.npm/_logs/2018-03-25T06_47_48_270Z-debug.log
67 error
67 error     at Promise.all.then.arr (/usr/local/lib/node_modules/lerna/node_modules/execa/index.js:236:11)
67 error     at <anonymous>
